000 (14493512.000.000) 2021-12-06 17:54:36 Job submitted from host: <128.105.244.191:9618?addrs=128.105.244.191-9618&alias=submit-1.chtc.wisc.edu&noUDP&sock=schedd_2665916_368d>
...
040 (14493512.000.000) 2021-12-06 17:54:59 Started transferring input files
	Transferring to host: <128.105.244.57:9618?addrs=128.105.244.57-9618&alias=e111.chtc.wisc.edu&noUDP&sock=slot1_8_367_55a8_27314>
...
040 (14493512.000.000) 2021-12-06 17:54:59 Finished transferring input files
...
001 (14493512.000.000) 2021-12-06 17:55:00 Job executing on host: <128.105.244.57:9618?addrs=128.105.244.57-9618&alias=e111.chtc.wisc.edu&noUDP&sock=startd_1368_e9a6>
...
040 (14493512.000.000) 2021-12-06 17:55:03 Started transferring output files
...
040 (14493512.000.000) 2021-12-06 17:55:03 Finished transferring output files
...
005 (14493512.000.000) 2021-12-06 17:55:04 Job terminated.
	(1) Normal termination (return value 1)
		Usr 0 00:00:00, Sys 0 00:00:00  -  Run Remote Usage
		Usr 0 00:00:00, Sys 0 00:00:00  -  Run Local Usage
		Usr 0 00:00:00, Sys 0 00:00:00  -  Total Remote Usage
		Usr 0 00:00:00, Sys 0 00:00:00  -  Total Local Usage
	323  -  Run Bytes Sent By Job
	201  -  Run Bytes Received By Job
	323  -  Total Bytes Sent By Job
	201  -  Total Bytes Received By Job
	Partitionable Resources :    Usage  Request Allocated 
	   Cpus                 :        0        1         1 
	   Disk (KB)            :       25   102400    534700 
	   IoHeavy              :                           0 
	   Memory (MB)          :               100       128 

	Job terminated of its own accord at 2021-12-06T23:55:03Z with exit-code 1.
...
