000 (14493503.000.000) 2021-12-06 17:36:33 Job submitted from host: <128.105.244.191:9618?addrs=128.105.244.191-9618&alias=submit-1.chtc.wisc.edu&noUDP&sock=schedd_2665916_368d>
...
040 (14493503.000.000) 2021-12-06 17:37:21 Started transferring input files
	Transferring to host: <128.105.244.57:9618?addrs=128.105.244.57-9618&alias=e111.chtc.wisc.edu&noUDP&sock=slot1_8_367_55a8_27300>
...
040 (14493503.000.000) 2021-12-06 17:37:21 Finished transferring input files
...
001 (14493503.000.000) 2021-12-06 17:37:22 Job executing on host: <128.105.244.57:9618?addrs=128.105.244.57-9618&alias=e111.chtc.wisc.edu&noUDP&sock=startd_1368_e9a6>
...
040 (14493503.000.000) 2021-12-06 17:37:27 Started transferring output files
...
040 (14493503.000.000) 2021-12-06 17:37:27 Finished transferring output files
...
005 (14493503.000.000) 2021-12-06 17:37:28 Job terminated.
	(1) Normal termination (return value 0)
		Usr 0 00:00:00, Sys 0 00:00:00  -  Run Remote Usage
		Usr 0 00:00:00, Sys 0 00:00:00  -  Run Local Usage
		Usr 0 00:00:00, Sys 0 00:00:00  -  Total Remote Usage
		Usr 0 00:00:00, Sys 0 00:00:00  -  Total Local Usage
	173  -  Run Bytes Sent By Job
	144  -  Run Bytes Received By Job
	173  -  Total Bytes Sent By Job
	144  -  Total Bytes Received By Job
	Partitionable Resources :    Usage  Request Allocated 
	   Cpus                 :        0        1         1 
	   Disk (KB)            :       24    20480    534700 
	   IoHeavy              :                           0 
	   Memory (MB)          :                20       128 

	Job terminated of its own accord at 2021-12-06T23:37:27Z with exit-code 0.
...
