000 (14493505.000.000) 2021-12-06 17:36:33 Job submitted from host: <128.105.244.191:9618?addrs=128.105.244.191-9618&alias=submit-1.chtc.wisc.edu&noUDP&sock=schedd_2665916_368d>
...
040 (14493505.000.000) 2021-12-06 17:37:22 Started transferring input files
	Transferring to host: <128.105.245.90:9618?addrs=128.105.245.90-9618&alias=e290.chtc.wisc.edu&noUDP&sock=slot1_32_21256_8659_28982>
...
040 (14493505.000.000) 2021-12-06 17:37:22 Finished transferring input files
...
001 (14493505.000.000) 2021-12-06 17:37:23 Job executing on host: <128.105.245.90:9618?addrs=128.105.245.90-9618&alias=e290.chtc.wisc.edu&noUDP&sock=startd_2412_0285>
...
040 (14493505.000.000) 2021-12-06 17:43:32 Started transferring output files
...
040 (14493505.000.000) 2021-12-06 17:43:32 Finished transferring output files
...
005 (14493505.000.000) 2021-12-06 17:43:33 Job terminated.
	(1) Normal termination (return value 0)
		Usr 0 00:00:00, Sys 0 00:00:00  -  Run Remote Usage
		Usr 0 00:00:00, Sys 0 00:00:00  -  Run Local Usage
		Usr 0 00:00:00, Sys 0 00:00:00  -  Total Remote Usage
		Usr 0 00:00:00, Sys 0 00:00:00  -  Total Local Usage
	3404  -  Run Bytes Sent By Job
	144  -  Run Bytes Received By Job
	3404  -  Total Bytes Sent By Job
	144  -  Total Bytes Received By Job
	Partitionable Resources :    Usage  Request Allocated 
	   Cpus                 :     0.04        1         1 
	   Disk (KB)            :    28      102400    333648 
	   IoHeavy              :                           0 
	   Memory (MB)          :               100       128 

	Job terminated of its own accord at 2021-12-06T23:43:32Z with exit-code 0.
...
